2026-02-10T08:33:44.492Z - Error: Duplicate entry 'rational' for key 'slug'
    at PromisePool.execute (D:\MARIOT\backend\node_modules\mysql2\lib\promise\pool.js:54:22)
    at Product.create (D:\MARIOT\backend\models\product.model.js:99:39)
    at exports.createProduct (D:\MARIOT\backend\controllers\product.controller.js:47:34)
    at Layer.handleRequest (D:\MARIOT\backend\node_modules\router\lib\layer.js:152:17)
    at next (D:\MARIOT\backend\node_modules\router\lib\route.js:157:13)
    at D:\MARIOT\backend\middlewares\auth.middleware.js:42:9
    at Layer.handleRequest (D:\MARIOT\backend\node_modules\router\lib\layer.js:152:17)
    at next (D:\MARIOT\backend\node_modules\router\lib\route.js:157:13)
    at protect (D:\MARIOT\backend\middlewares\auth.middleware.js:22:13)
    at process.processTicksAndRejections (node:internal/process/task_queues:95:5)
2026-02-10T08:33:48.949Z - Error: Duplicate entry 'rational' for key 'slug'
    at PromisePool.execute (D:\MARIOT\backend\node_modules\mysql2\lib\promise\pool.js:54:22)
    at Product.create (D:\MARIOT\backend\models\product.model.js:99:39)
    at exports.createProduct (D:\MARIOT\backend\controllers\product.controller.js:47:34)
    at Layer.handleRequest (D:\MARIOT\backend\node_modules\router\lib\layer.js:152:17)
    at next (D:\MARIOT\backend\node_modules\router\lib\route.js:157:13)
    at D:\MARIOT\backend\middlewares\auth.middleware.js:42:9
    at Layer.handleRequest (D:\MARIOT\backend\node_modules\router\lib\layer.js:152:17)
    at next (D:\MARIOT\backend\node_modules\router\lib\route.js:157:13)
    at protect (D:\MARIOT\backend\middlewares\auth.middleware.js:22:13)
    at process.processTicksAndRejections (node:internal/process/task_queues:95:5)
